time: 0.000281 :read 3 elem from file /root/centoscloud/cube-1.3/proc/main/base_define/namelist.json!
time: 0.000387 :read 4 elem from file /root/centoscloud/cube-1.3/proc/main/base_define/dispatchnamelist.json!
time: 0.000443 :read 1 elem from file /root/centoscloud/cube-1.3/proc/main/base_define/typelist.json!
time: 0.000652 :read 7 elem from file /root/centoscloud/cube-1.3/proc/main/base_define/subtypelist.json!
time: 0.000700 :read 1 elem from file /root/centoscloud/cube-1.3/proc/main/base_define/baseflag.json!
time: 0.000923 :read 3 elem from file /root/centoscloud/cube-1.3/proc/main/base_define/memdb.json!
time: 0.001496 :read 7 elem from file /root/centoscloud/cube-1.3/proc/main/base_define/msghead.json!
time: 0.001752 :read 2 elem from file /root/centoscloud/cube-1.3/proc/main/base_define/msgrecord.json!
time: 0.001984 :read 3 elem from file /root/centoscloud/cube-1.3/proc/main/base_define/expandrecord.json!
time: 0.002487 :read 10 elem from file /root/centoscloud/cube-1.3/proc/main/base_define/base_msg.json!
time: 0.002924 :read 8 elem from file /root/centoscloud/cube-1.3/proc/main/base_define/return.json!
time: 0.003179 :read 3 elem from file /root/centoscloud/cube-1.3/proc/main/base_define/dispatchrecord.json!
time: 0.003314 :read 2 elem from file /root/centoscloud/cube-1.3/proc/main/base_define/exmoduledefine.json!
time: 0.003437 :read 1 elem from file /root/centoscloud/cube-1.3/proc/main/base_define/sys_conn.json!
time: 0.004056 :read 7 elem from file file_trans.json!
time: 0.015924 :this machine's local uuid is 01bec00b0c1bcdc3d6727a79ca45d462869d56b654c99807223c3a133e79ec61

time: 0.021299 :read 2 connector!

time: 0.021314 :conn server file_server begin to listen!

time: 0.021456 :read 2 policy from router_policy file!
time: 0.021490 :read 1 policy from aspect policy file!
time: 0.021518 :system plugin router_proc is prepared!
time: 0.026738 :system plugin connector_proc is prepared!
time: 0.026780 :ex_module connector_proc started successfully!
time: 0.026799 :ex_module router_proc started successfully!
time: 0.026815 :ex_module file_dealer started successfully!
time: 0.026833 :ex_module echo started successfully!
time: 0.026838 :instance load 4 module!

time: 0.026899 :client crypt_client connect succeed!

time: 0.026912 :begin file_dealer start process! 

time: 0.032020 :create a new channel 540008c0!

time: 0.032094 :send 271 data to conn (null)!

time: 0.038108 :proc conn client receive 275 data!

time: 0.038157 :send 338 data to conn crypt_client!

time: 0.038163 :client crypt_client send 338 ack data to server !

time: 0.042089 :router get proc connector_proc's message 
time: 0.044140 :channel set name transfer!

time: 0.047280 :router get proc connector_proc's message 
time: 2.558664 :channel receive (769 2) message from conn transfer!

time: 2.558688 :client forward (769 2) message to main proc!

time: 2.561649 :router get proc connector_proc's message 
time: 2.561675 :remote msg match path file_trans's policy
time: 2.561787 :aspect message to path crypto's policy
time: 2.561863 :send message to conn process!
time: 2.564168 :send 261 data to conn crypt_client!

time: 2.564203 :send (769  2)message 261 to conn crypt_client!

time: 2.589824 :proc conn client receive 261 data!

time: 2.592249 :router get proc connector_proc's message 
time: 2.592271 :remote msg match path crypto's policy
time: 2.597076 :begin file receive!

time: 2.597455 :router get proc file_dealer's message 
time: 2.597600 :send message to conn process!
time: 2.600281 :send 225 data to conn transfer!

time: 2.600292 :send (769  5)message 225 to conn transfer!

